  main.cpp
d:\program files\cv3.0.0\opencv\build\include\opencv2\core\mat.hpp(1965): warning C4819: The file contains a character that cannot be represented in the current code page (936). Save the file in Unicode format to prevent data loss
d:\program files\cv3.0.0\opencv\build\include\opencv2\core\persistence.hpp : warning C4819: The file contains a character that cannot be represented in the current code page (936). Save the file in Unicode format to prevent data loss
d:\program files\cv3.0.0\opencv\build\include\opencv2\core\utility.hpp : warning C4819: The file contains a character that cannot be represented in the current code page (936). Save the file in Unicode format to prevent data loss
d:\program files\cv3.0.0\opencv\build\include\opencv2\core\utility.hpp : warning C4819: The file contains a character that cannot be represented in the current code page (936). Save the file in Unicode format to prevent data loss
main.obj : error LNK2019: unresolved external symbol "void __cdecl cv::fastFree(void *)" (?fastFree@cv@@YAXPAX@Z) referenced in function "public: __thiscall cv::Mat::~Mat(void)" (??1Mat@cv@@QAE@XZ)
main.obj : error LNK2019: unresolved external symbol "private: char * __thiscall cv::String::allocate(unsigned int)" (?allocate@String@cv@@AAEPADI@Z) referenced in function "public: __thiscall cv::String::String(char const *)" (??0String@cv@@QAE@PBD@Z)
main.obj : error LNK2019: unresolved external symbol "private: void __thiscall cv::String::deallocate(void)" (?deallocate@String@cv@@AAEXXZ) referenced in function "public: __thiscall cv::String::~String(void)" (??1String@cv@@QAE@XZ)
main.obj : error LNK2019: unresolved external symbol "void __cdecl cv::error(int,class cv::String const &,char const *,char const *,int)" (?error@cv@@YAXHABVString@1@PBD1H@Z) referenced in function "public: class cv::MatCommaInitializer_<float> & __thiscall cv::MatCommaInitializer_<float>::operator,<int>(int)" (??$?QH@?$MatCommaInitializer_@M@cv@@QAEAAV01@H@Z)
main.obj : error LNK2019: unresolved external symbol "class cv::_InputOutputArray const & __cdecl cv::noArray(void)" (?noArray@cv@@YAABV_InputOutputArray@1@XZ) referenced in function "class cv::Mat __cdecl getGradientMap(class cv::Mat)" (?getGradientMap@@YA?AVMat@cv@@V12@@Z)
main.obj : error LNK2019: unresolved external symbol "public: void __thiscall cv::Mat::copyTo(class cv::_OutputArray const &)const " (?copyTo@Mat@cv@@QBEXABV_OutputArray@2@@Z) referenced in function _main
main.obj : error LNK2019: unresolved external symbol "public: void __thiscall cv::Mat::convertTo(class cv::_OutputArray const &,int,double,double)const " (?convertTo@Mat@cv@@QBEXABV_OutputArray@2@HNN@Z) referenced in function "public: class cv::Mat_<float> & __thiscall cv::Mat_<float>::operator=(class cv::Mat const &)" (??4?$Mat_@M@cv@@QAEAAV01@ABVMat@1@@Z)
main.obj : error LNK2019: unresolved external symbol "public: class cv::Mat & __thiscall cv::Mat::operator=(class cv::Scalar_<double> const &)" (??4Mat@cv@@QAEAAV01@ABV?$Scalar_@N@1@@Z) referenced in function "public: __thiscall cv::Mat::Mat(int,int,int,class cv::Scalar_<double> const &)" (??0Mat@cv@@QAE@HHHABV?$Scalar_@N@1@@Z)
main.obj : error LNK2019: unresolved external symbol "public: class cv::Mat __thiscall cv::Mat::reshape(int,int,int const *)const " (?reshape@Mat@cv@@QBE?AV12@HHPBH@Z) referenced in function "public: class cv::Mat_<float> & __thiscall cv::Mat_<float>::operator=(class cv::Mat const &)" (??4?$Mat_@M@cv@@QAEAAV01@ABVMat@1@@Z)
main.obj : error LNK2019: unresolved external symbol "public: void __thiscall cv::Mat::create(int,int const *,int)" (?create@Mat@cv@@QAEXHPBHH@Z) referenced in function "public: void __thiscall cv::Mat::create(int,int,int)" (?create@Mat@cv@@QAEXHHH@Z)
main.obj : error LNK2019: unresolved external symbol "public: void __thiscall cv::Mat::deallocate(void)" (?deallocate@Mat@cv@@QAEXXZ) referenced in function "public: void __thiscall cv::Mat::release(void)" (?release@Mat@cv@@QAEXXZ)
main.obj : error LNK2019: unresolved external symbol "public: void __thiscall cv::Mat::copySize(class cv::Mat const &)" (?copySize@Mat@cv@@QAEXABV12@@Z) referenced in function "public: __thiscall cv::Mat::Mat(class cv::Mat const &)" (??0Mat@cv@@QAE@ABV01@@Z)
main.obj : error LNK2019: unresolved external symbol "public: void __thiscall cv::MatConstIterator::seek(int,bool)" (?seek@MatConstIterator@cv@@QAEXH_N@Z) referenced in function "public: class cv::MatConstIterator & __thiscall cv::MatConstIterator::operator++(void)" (??EMatConstIterator@cv@@QAEAAV01@XZ)
main.obj : error LNK2019: unresolved external symbol "public: void __thiscall cv::MatConstIterator::seek(int const *,bool)" (?seek@MatConstIterator@cv@@QAEXPBH_N@Z) referenced in function "public: __thiscall cv::MatConstIterator::MatConstIterator(class cv::Mat const *)" (??0MatConstIterator@cv@@QAE@PBVMat@1@@Z)
main.obj : error LNK2019: unresolved external symbol "class cv::MatExpr __cdecl cv::abs(class cv::Mat const &)" (?abs@cv@@YA?AVMatExpr@1@ABVMat@1@@Z) referenced in function "class cv::Mat __cdecl getGradientMap(class cv::Mat)" (?getGradientMap@@YA?AVMat@cv@@V12@@Z)
main.obj : error LNK2019: unresolved external symbol "void __cdecl cv::add(class cv::_InputArray const &,class cv::_InputArray const &,class cv::_OutputArray const &,class cv::_InputArray const &,int)" (?add@cv@@YAXABV_InputArray@1@0ABV_OutputArray@1@0H@Z) referenced in function "class cv::Mat __cdecl getGradientMap(class cv::Mat)" (?getGradientMap@@YA?AVMat@cv@@V12@@Z)
main.obj : error LNK2019: unresolved external symbol "public: __thiscall _IplImage::_IplImage(class cv::Mat const &)" (??0_IplImage@@QAE@ABVMat@cv@@@Z) referenced in function "class cv::Mat __cdecl getSaliencyMap(class cv::Mat)" (?getSaliencyMap@@YA?AVMat@cv@@V12@@Z)
main.obj : error LNK2019: unresolved external symbol _cvCreateImage referenced in function "class cv::Mat __cdecl getSaliencyMap(class cv::Mat)" (?getSaliencyMap@@YA?AVMat@cv@@V12@@Z)
main.obj : error LNK2019: unresolved external symbol _cvGetSize referenced in function "class cv::Mat __cdecl getSaliencyMap(class cv::Mat)" (?getSaliencyMap@@YA?AVMat@cv@@V12@@Z)
main.obj : error LNK2019: unresolved external symbol "class cv::Mat __cdecl cv::cvarrToMat(void const *,bool,bool,int,class cv::AutoBuffer<double,136> *)" (?cvarrToMat@cv@@YA?AVMat@1@PBX_N1HPAV?$AutoBuffer@N$0II@@1@@Z) referenced in function "class cv::Mat __cdecl getSaliencyMap(class cv::Mat)" (?getSaliencyMap@@YA?AVMat@cv@@V12@@Z)
main.obj : error LNK2019: unresolved external symbol "void __cdecl cv::filter2D(class cv::_InputArray const &,class cv::_OutputArray const &,int,class cv::_InputArray const &,class cv::Point_<int>,double,int)" (?filter2D@cv@@YAXABV_InputArray@1@ABV_OutputArray@1@H0V?$Point_@H@1@NH@Z) referenced in function "class cv::Mat __cdecl getGradientMap(class cv::Mat)" (?getGradientMap@@YA?AVMat@cv@@V12@@Z)
main.obj : error LNK2019: unresolved external symbol "void __cdecl cv::cvtColor(class cv::_InputArray const &,class cv::_OutputArray const &,int,int)" (?cvtColor@cv@@YAXABV_InputArray@1@ABV_OutputArray@1@HH@Z) referenced in function "class cv::Mat __cdecl getGradientMap(class cv::Mat)" (?getGradientMap@@YA?AVMat@cv@@V12@@Z)
main.obj : error LNK2019: unresolved external symbol "class cv::Mat __cdecl cv::imread(class cv::String const &,int)" (?imread@cv@@YA?AVMat@1@ABVString@1@H@Z) referenced in function _main
main.obj : error LNK2019: unresolved external symbol "bool __cdecl cv::imwrite(class cv::String const &,class cv::_InputArray const &,class std::vector<int,class std::allocator<int> > const &)" (?imwrite@cv@@YA_NABVString@1@ABV_InputArray@1@ABV?$vector@HV?$allocator@H@std@@@std@@@Z) referenced in function _main
main.obj : error LNK2019: unresolved external symbol "void __cdecl cv::namedWindow(class cv::String const &,int)" (?namedWindow@cv@@YAXABVString@1@H@Z) referenced in function _main
main.obj : error LNK2019: unresolved external symbol "void __cdecl cv::imshow(class cv::String const &,class cv::_InputArray const &)" (?imshow@cv@@YAXABVString@1@ABV_InputArray@1@@Z) referenced in function _main
D:\Program Files\cv3.0.0\opencv\build\x64\vc11\lib\opencv_ts300.lib : warning LNK4272: library machine type 'x64' conflicts with target machine type 'X86'
D:\Program Files\cv3.0.0\opencv\build\x64\vc11\lib\opencv_ts300d.lib : warning LNK4272: library machine type 'x64' conflicts with target machine type 'X86'
D:\Program Files\cv3.0.0\opencv\build\x64\vc11\lib\opencv_world300.lib : warning LNK4272: library machine type 'x64' conflicts with target machine type 'X86'
D:\Program Files\cv3.0.0\opencv\build\x64\vc11\lib\opencv_world300d.lib : warning LNK4272: library machine type 'x64' conflicts with target machine type 'X86'
E:\学习\数媒\大三\18互动媒体技术\Yan\实验二seam carving\SeamCarving\Debug\SeamCarving.exe : fatal error LNK1120: 26 unresolved externals
